[debug] [2024-02-14T21:33:59.493Z] ----------------------------------------------------------------------
[debug] [2024-02-14T21:33:59.497Z] Command:       C:\Program Files\nodejs\node.exe C:\Users\User\AppData\Roaming\npm\node_modules\firebase-tools\lib\bin\firebase.js init
[debug] [2024-02-14T21:33:59.497Z] CLI Version:   13.2.1
[debug] [2024-02-14T21:33:59.498Z] Platform:      win32
[debug] [2024-02-14T21:33:59.498Z] Node Version:  v20.11.1
[debug] [2024-02-14T21:33:59.498Z] Time:          Wed Feb 14 2024 23:33:59 GMT+0200 (Източноевропейско стандартно време)
[debug] [2024-02-14T21:33:59.498Z] ----------------------------------------------------------------------
[debug] 
[debug] [2024-02-14T21:33:59.503Z] > command requires scopes: ["email","openid","https://www.googleapis.com/auth/cloudplatformprojects.readonly","https://www.googleapis.com/auth/firebase","https://www.googleapis.com/auth/cloud-platform"]
[debug] [2024-02-14T21:33:59.503Z] > authorizing via signed-in user (sabevsimeon08@gmail.com)
[info] 
     ######## #### ########  ######## ########     ###     ######  ########
     ##        ##  ##     ## ##       ##     ##  ##   ##  ##       ##
     ######    ##  ########  ######   ########  #########  ######  ######
     ##        ##  ##    ##  ##       ##     ## ##     ##       ## ##
     ##       #### ##     ## ######## ########  ##     ##  ######  ########

You're about to initialize a Firebase project in this directory:

  C:\Users\User\Desktop\NOIT\budo_world

[debug] [2024-02-14T21:35:53.347Z] ----------------------------------------------------------------------
[debug] [2024-02-14T21:35:53.350Z] Command:       C:\Program Files\nodejs\node.exe C:\Users\User\AppData\Roaming\npm\node_modules\firebase-tools\lib\bin\firebase.js init
[debug] [2024-02-14T21:35:53.350Z] CLI Version:   13.2.1
[debug] [2024-02-14T21:35:53.350Z] Platform:      win32
[debug] [2024-02-14T21:35:53.350Z] Node Version:  v20.11.1
[debug] [2024-02-14T21:35:53.350Z] Time:          Wed Feb 14 2024 23:35:53 GMT+0200 (Източноевропейско стандартно време)
[debug] [2024-02-14T21:35:53.350Z] ----------------------------------------------------------------------
[debug] 
[debug] [2024-02-14T21:35:53.355Z] > command requires scopes: ["email","openid","https://www.googleapis.com/auth/cloudplatformprojects.readonly","https://www.googleapis.com/auth/firebase","https://www.googleapis.com/auth/cloud-platform"]
[debug] [2024-02-14T21:35:53.355Z] > authorizing via signed-in user (sabevsimeon08@gmail.com)
[info] 
     ######## #### ########  ######## ########     ###     ######  ########
     ##        ##  ##     ## ##       ##     ##  ##   ##  ##       ##
     ######    ##  ########  ######   ########  #########  ######  ######
     ##        ##  ##    ##  ##       ##     ## ##     ##       ## ##
     ##       #### ##     ## ######## ########  ##     ##  ######  ########

You're about to initialize a Firebase project in this directory:

  C:\Users\User\Desktop\NOIT\budo_world

[info] 
=== Project Setup
[info] 
[info] First, let's associate this project directory with a Firebase project.
[info] You can create multiple project aliases by running firebase use --add, 
[info] but for now we'll just set up a default project.
[info] 
[debug] [2024-02-14T21:36:22.989Z] ----------------------------------------------------------------------
[debug] [2024-02-14T21:36:22.991Z] Command:       C:\Program Files\nodejs\node.exe C:\Users\User\AppData\Roaming\npm\node_modules\firebase-tools\lib\bin\firebase.js init
[debug] [2024-02-14T21:36:22.992Z] CLI Version:   13.2.1
[debug] [2024-02-14T21:36:22.992Z] Platform:      win32
[debug] [2024-02-14T21:36:22.992Z] Node Version:  v20.11.1
[debug] [2024-02-14T21:36:22.992Z] Time:          Wed Feb 14 2024 23:36:22 GMT+0200 (Източноевропейско стандартно време)
[debug] [2024-02-14T21:36:22.992Z] ----------------------------------------------------------------------
[debug] 
[debug] [2024-02-14T21:36:22.997Z] > command requires scopes: ["email","openid","https://www.googleapis.com/auth/cloudplatformprojects.readonly","https://www.googleapis.com/auth/firebase","https://www.googleapis.com/auth/cloud-platform"]
[debug] [2024-02-14T21:36:22.997Z] > authorizing via signed-in user (sabevsimeon08@gmail.com)
[info] 
     ######## #### ########  ######## ########     ###     ######  ########
     ##        ##  ##     ## ##       ##     ##  ##   ##  ##       ##
     ######    ##  ########  ######   ########  #########  ######  ######
     ##        ##  ##    ##  ##       ##     ## ##     ##       ## ##
     ##       #### ##     ## ######## ########  ##     ##  ######  ########

You're about to initialize a Firebase project in this directory:

  C:\Users\User\Desktop\NOIT\budo_world

[info] 
=== Project Setup
[info] 
[info] First, let's associate this project directory with a Firebase project.
[info] You can create multiple project aliases by running firebase use --add, 
[info] but for now we'll just set up a default project.
[info] 
[debug] [2024-02-14T21:37:14.343Z] >>> [apiv2][query] GET https://firebase.googleapis.com/v1beta1/projects pageSize=100
[debug] [2024-02-14T21:37:14.901Z] <<< [apiv2][status] GET https://firebase.googleapis.com/v1beta1/projects 200
[debug] [2024-02-14T21:37:14.901Z] <<< [apiv2][body] GET https://firebase.googleapis.com/v1beta1/projects [omitted]
[info] i  Using project budo-world-noit (Budo-World-NOIT) 
[info] 
=== Hosting Setup
[debug] [2024-02-14T21:37:25.528Z] >>> [apiv2][query] GET https://firebase.googleapis.com/v1beta1/projects/budo-world-noit [none]
[debug] [2024-02-14T21:37:25.801Z] <<< [apiv2][status] GET https://firebase.googleapis.com/v1beta1/projects/budo-world-noit 200
[debug] [2024-02-14T21:37:25.801Z] <<< [apiv2][body] GET https://firebase.googleapis.com/v1beta1/projects/budo-world-noit {"projectId":"budo-world-noit","projectNumber":"182736631347","displayName":"Budo-World-NOIT","name":"projects/budo-world-noit","resources":{"hostingSite":"budo-world-noit"},"state":"ACTIVE","etag":"1_84f5a34d-2744-46f7-b091-becb5f7724cf"}
[info] 
[info] Your public directory is the folder (relative to your project directory) that
[info] will contain Hosting assets to be uploaded with firebase deploy. If you
[info] have a build process for your assets, use your build's output directory.
[info] 
[debug] [2024-02-14T21:39:15.605Z] >>> [apiv2][query] GET https://www.gstatic.com/firebasejs/releases.json [none]
[debug] [2024-02-14T21:39:15.712Z] <<< [apiv2][status] GET https://www.gstatic.com/firebasejs/releases.json 200
[debug] [2024-02-14T21:39:15.712Z] <<< [apiv2][body] GET https://www.gstatic.com/firebasejs/releases.json {"current":{"version":"10.8.0","browserURL":"https://www.gstatic.com/firebasejs/10.8.0/firebase.js","packageURL":"https://www.gstatic.com/firebasejs/10.8.0/firebase.tgz"},"live":{"version":"10.8","browserURL":"https://www.gstatic.com/firebasejs/live/10.8/firebase.js","packageURL":"https://www.gstatic.com/firebasejs/live/10.8/firebase.tgz"},"components":{"analytics":"https://www.gstatic.com/firebasejs/10.8.0/firebase-analytics.js","app":"https://www.gstatic.com/firebasejs/10.8.0/firebase-app.js","app-check":"https://www.gstatic.com/firebasejs/10.8.0/firebase-app-check.js","auth":"https://www.gstatic.com/firebasejs/10.8.0/firebase-auth.js","auth/cordova":"https://www.gstatic.com/firebasejs/10.8.0/firebase-auth/cordova.js","auth/web-extension":"https://www.gstatic.com/firebasejs/10.8.0/firebase-auth/web-extension.js","functions":"https://www.gstatic.com/firebasejs/10.8.0/firebase-functions.js","firestore":"https://www.gstatic.com/firebasejs/10.8.0/firebase-firestore.js","firestore/lite":"https://www.gstatic.com/firebasejs/10.8.0/firebase-firestore/lite.js","installations":"https://www.gstatic.com/firebasejs/10.8.0/firebase-installations.js","storage":"https://www.gstatic.com/firebasejs/10.8.0/firebase-storage.js","performance":"https://www.gstatic.com/firebasejs/10.8.0/firebase-performance.js","remote-config":"https://www.gstatic.com/firebasejs/10.8.0/firebase-remote-config.js","messaging":"https://www.gstatic.com/firebasejs/10.8.0/firebase-messaging.js","messaging/sw":"https://www.gstatic.com/firebasejs/10.8.0/firebase-messaging/sw.js","database":"https://www.gstatic.com/firebasejs/10.8.0/firebase-database.js","firestore.memory":"https://www.gstatic.com/firebasejs/10.8.0/firebase-firestore.memory.js"}}
[info] +  Wrote build/index.html 
[info] 
[info] i  Didn't detect a .git folder. Assuming C:\Users\User\Desktop\NOIT\budo_world is the project root. 
[info] i  Authorizing with GitHub to upload your service account to a GitHub repository's secrets store. 
[info] 
[info] Visit this URL on this device to log in:
[info] https://github.com/login/oauth/authorize?client_id=89cf50f02ac6aaed3484&state=1013889963&redirect_uri=http%3A%2F%2Flocalhost%3A9005&scope=read%3Auser%20repo%20public_repo
[info] 
[info] Waiting for authentication...
[debug] [2024-02-14T21:40:00.758Z] >>> [apiv2][query] POST https://github.com/login/oauth/access_token [none]
[debug] [2024-02-14T21:40:00.758Z] >>> [apiv2][body] POST https://github.com/login/oauth/access_token [stream]
[debug] [2024-02-14T21:40:01.104Z] <<< [apiv2][status] POST https://github.com/login/oauth/access_token 200
[debug] [2024-02-14T21:40:01.104Z] <<< [apiv2][body] POST https://github.com/login/oauth/access_token {"access_token":"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","token_type":"bearer","scope":"read:user,repo"}
[debug] [2024-02-14T21:40:01.107Z] >>> [apiv2][query] GET https://api.github.com/user [none]
[debug] [2024-02-14T21:40:01.420Z] <<< [apiv2][status] GET https://api.github.com/user 200
[debug] [2024-02-14T21:40:01.420Z] <<< [apiv2][body] GET https://api.github.com/user {"login":"SimoSabev","id":146847064,"node_id":"U_kgDOCMC1WA","avatar_url":"https://avatars.githubusercontent.com/u/146847064?v=4","gravatar_id":"","url":"https://api.github.com/users/SimoSabev","html_url":"https://github.com/SimoSabev","followers_url":"https://api.github.com/users/SimoSabev/followers","following_url":"https://api.github.com/users/SimoSabev/following{/other_user}","gists_url":"https://api.github.com/users/SimoSabev/gists{/gist_id}","starred_url":"https://api.github.com/users/SimoSabev/starred{/owner}{/repo}","subscriptions_url":"https://api.github.com/users/SimoSabev/subscriptions","organizations_url":"https://api.github.com/users/SimoSabev/orgs","repos_url":"https://api.github.com/users/SimoSabev/repos","events_url":"https://api.github.com/users/SimoSabev/events{/privacy}","received_events_url":"https://api.github.com/users/SimoSabev/received_events","type":"User","site_admin":false,"name":null,"company":null,"blog":"","location":null,"email":null,"hireable":null,"bio":null,"twitter_username":null,"public_repos":7,"public_gists":0,"followers":4,"following":1,"created_at":"2023-10-03T13:20:37Z","updated_at":"2024-02-14T21:39:49Z","private_gists":0,"total_private_repos":0,"owned_private_repos":0,"disk_usage":5316,"collaborators":0,"two_factor_authentication":false,"plan":{"name":"free","space":976562499,"collaborators":0,"private_repos":10000}}
[info] 
[info] +  Success! Logged into GitHub as SimoSabev 
[info] 
